DEB [20190709-10:01:08.038] thr=1   paramiko.transport: starting thread (client mode): 0x3020630L
DEB [20190709-10:01:08.039] thr=1   paramiko.transport: Local version/idstring: SSH-2.0-paramiko_2.6.0
DEB [20190709-10:01:08.040] thr=1   paramiko.transport: Remote version/idstring: SSH-2.0-OpenSSH_7.2p2 Ubuntu-4ubuntu2.8
INF [20190709-10:01:08.042] thr=1   paramiko.transport: Connected (version 2.0, client OpenSSH_7.2p2)
DEB [20190709-10:01:08.140] thr=1   paramiko.transport: kex algos:[u'curve25519-sha256@libssh.org', u'ecdh-sha2-nistp256', u'ecdh-sha2-nistp384', u'ecdh-sha2-nistp521', u'diffie-hellman-group-exchange-sha256', u'diffie-hellman-group14-sha1'] server key:[u'ssh-rsa', u'rsa-sha2-512', u'rsa-sha2-256', u'ecdsa-sha2-nistp256', u'ssh-ed25519'] client encrypt:[u'chacha20-poly1305@openssh.com', u'aes128-ctr', u'aes192-ctr', u'aes256-ctr', u'aes128-gcm@openssh.com', u'aes256-gcm@openssh.com'] server encrypt:[u'chacha20-poly1305@openssh.com', u'aes128-ctr', u'aes192-ctr', u'aes256-ctr', u'aes128-gcm@openssh.com', u'aes256-gcm@openssh.com'] client mac:[u'umac-64-etm@openssh.com', u'umac-128-etm@openssh.com', u'hmac-sha2-256-etm@openssh.com', u'hmac-sha2-512-etm@openssh.com', u'hmac-sha1-etm@openssh.com', u'umac-64@openssh.com', u'umac-128@openssh.com', u'hmac-sha2-256', u'hmac-sha2-512', u'hmac-sha1'] server mac:[u'umac-64-etm@openssh.com', u'umac-128-etm@openssh.com', u'hmac-sha2-256-etm@openssh.com', u'hmac-sha2-512-etm@openssh.com', u'hmac-sha1-etm@openssh.com', u'umac-64@openssh.com', u'umac-128@openssh.com', u'hmac-sha2-256', u'hmac-sha2-512', u'hmac-sha1'] client compress:[u'none', u'zlib@openssh.com'] server compress:[u'none', u'zlib@openssh.com'] client lang:[u''] server lang:[u''] kex follows?False
DEB [20190709-10:01:08.141] thr=1   paramiko.transport: Kex agreed: curve25519-sha256@libssh.org
DEB [20190709-10:01:08.141] thr=1   paramiko.transport: HostKey agreed: ssh-ed25519
DEB [20190709-10:01:08.141] thr=1   paramiko.transport: Cipher agreed: aes128-ctr
DEB [20190709-10:01:08.142] thr=1   paramiko.transport: MAC agreed: hmac-sha2-256
DEB [20190709-10:01:08.142] thr=1   paramiko.transport: Compression agreed: none
DEB [20190709-10:01:08.344] thr=1   paramiko.transport: kex engine KexCurve25519 specified hash_algo <built-in function openssl_sha256>
DEB [20190709-10:01:08.344] thr=1   paramiko.transport: Switch to new keys ...
DEB [20190709-10:01:08.346] thr=2   paramiko.transport: Attempting GSS-API auth... (gssapi-with-mic)
DEB [20190709-10:01:08.486] thr=1   paramiko.transport: userauth is OK
ERR [20190709-10:01:08.486] thr=1   paramiko.transport: Unknown exception: Unable to import a GSS-API / SSPI module!
ERR [20190709-10:01:08.489] thr=1   paramiko.transport: Traceback (most recent call last):
ERR [20190709-10:01:08.489] thr=1   paramiko.transport:   File "C:\Python27\lib\site-packages\paramiko\transport.py", line 2109, in run
ERR [20190709-10:01:08.489] thr=1   paramiko.transport:     handler(self.auth_handler, m)
ERR [20190709-10:01:08.489] thr=1   paramiko.transport:   File "C:\Python27\lib\site-packages\paramiko\auth_handler.py", line 304, in _parse_service_accept
ERR [20190709-10:01:08.489] thr=1   paramiko.transport:     sshgss = GSSAuth(self.auth_method, self.gss_deleg_creds)
ERR [20190709-10:01:08.489] thr=1   paramiko.transport:   File "C:\Python27\lib\site-packages\paramiko\ssh_gss.py", line 107, in GSSAuth
ERR [20190709-10:01:08.489] thr=1   paramiko.transport:     raise ImportError("Unable to import a GSS-API / SSPI module!")
ERR [20190709-10:01:08.489] thr=1   paramiko.transport: ImportError: Unable to import a GSS-API / SSPI module!
ERR [20190709-10:01:08.489] thr=1   paramiko.transport: 
DEB [20190709-10:03:04.188] thr=1   paramiko.transport: starting thread (client mode): 0x3020630L
DEB [20190709-10:03:04.190] thr=1   paramiko.transport: Local version/idstring: SSH-2.0-paramiko_2.6.0
DEB [20190709-10:03:04.193] thr=1   paramiko.transport: Remote version/idstring: SSH-2.0-OpenSSH_7.2p2 Ubuntu-4ubuntu2.8
INF [20190709-10:03:04.193] thr=1   paramiko.transport: Connected (version 2.0, client OpenSSH_7.2p2)
DEB [20190709-10:03:04.207] thr=1   paramiko.transport: kex algos:[u'curve25519-sha256@libssh.org', u'ecdh-sha2-nistp256', u'ecdh-sha2-nistp384', u'ecdh-sha2-nistp521', u'diffie-hellman-group-exchange-sha256', u'diffie-hellman-group14-sha1'] server key:[u'ssh-rsa', u'rsa-sha2-512', u'rsa-sha2-256', u'ecdsa-sha2-nistp256', u'ssh-ed25519'] client encrypt:[u'chacha20-poly1305@openssh.com', u'aes128-ctr', u'aes192-ctr', u'aes256-ctr', u'aes128-gcm@openssh.com', u'aes256-gcm@openssh.com'] server encrypt:[u'chacha20-poly1305@openssh.com', u'aes128-ctr', u'aes192-ctr', u'aes256-ctr', u'aes128-gcm@openssh.com', u'aes256-gcm@openssh.com'] client mac:[u'umac-64-etm@openssh.com', u'umac-128-etm@openssh.com', u'hmac-sha2-256-etm@openssh.com', u'hmac-sha2-512-etm@openssh.com', u'hmac-sha1-etm@openssh.com', u'umac-64@openssh.com', u'umac-128@openssh.com', u'hmac-sha2-256', u'hmac-sha2-512', u'hmac-sha1'] server mac:[u'umac-64-etm@openssh.com', u'umac-128-etm@openssh.com', u'hmac-sha2-256-etm@openssh.com', u'hmac-sha2-512-etm@openssh.com', u'hmac-sha1-etm@openssh.com', u'umac-64@openssh.com', u'umac-128@openssh.com', u'hmac-sha2-256', u'hmac-sha2-512', u'hmac-sha1'] client compress:[u'none', u'zlib@openssh.com'] server compress:[u'none', u'zlib@openssh.com'] client lang:[u''] server lang:[u''] kex follows?False
DEB [20190709-10:03:04.207] thr=1   paramiko.transport: Kex agreed: curve25519-sha256@libssh.org
DEB [20190709-10:03:04.207] thr=1   paramiko.transport: HostKey agreed: ssh-ed25519
DEB [20190709-10:03:04.207] thr=1   paramiko.transport: Cipher agreed: aes128-ctr
DEB [20190709-10:03:04.207] thr=1   paramiko.transport: MAC agreed: hmac-sha2-256
DEB [20190709-10:03:04.207] thr=1   paramiko.transport: Compression agreed: none
DEB [20190709-10:03:04.256] thr=1   paramiko.transport: kex engine KexCurve25519 specified hash_algo <built-in function openssl_sha256>
DEB [20190709-10:03:04.259] thr=1   paramiko.transport: Switch to new keys ...
DEB [20190709-10:03:04.290] thr=2   paramiko.transport: Attempting GSS-API auth... (gssapi-with-mic)
DEB [20190709-10:03:04.328] thr=1   paramiko.transport: userauth is OK
ERR [20190709-10:03:04.329] thr=1   paramiko.transport: Unknown exception: Unable to import a GSS-API / SSPI module!
ERR [20190709-10:03:04.338] thr=1   paramiko.transport: Traceback (most recent call last):
ERR [20190709-10:03:04.338] thr=1   paramiko.transport:   File "C:\Python27\lib\site-packages\paramiko\transport.py", line 2109, in run
ERR [20190709-10:03:04.338] thr=1   paramiko.transport:     handler(self.auth_handler, m)
ERR [20190709-10:03:04.338] thr=1   paramiko.transport:   File "C:\Python27\lib\site-packages\paramiko\auth_handler.py", line 304, in _parse_service_accept
ERR [20190709-10:03:04.338] thr=1   paramiko.transport:     sshgss = GSSAuth(self.auth_method, self.gss_deleg_creds)
ERR [20190709-10:03:04.338] thr=1   paramiko.transport:   File "C:\Python27\lib\site-packages\paramiko\ssh_gss.py", line 107, in GSSAuth
ERR [20190709-10:03:04.338] thr=1   paramiko.transport:     raise ImportError("Unable to import a GSS-API / SSPI module!")
ERR [20190709-10:03:04.338] thr=1   paramiko.transport: ImportError: Unable to import a GSS-API / SSPI module!
ERR [20190709-10:03:04.338] thr=1   paramiko.transport: 
DEB [20190709-10:04:45.647] thr=1   paramiko.transport: starting thread (client mode): 0x36b4630L
DEB [20190709-10:04:45.648] thr=1   paramiko.transport: Local version/idstring: SSH-2.0-paramiko_2.6.0
DEB [20190709-10:04:45.651] thr=1   paramiko.transport: Remote version/idstring: SSH-2.0-OpenSSH_7.2p2 Ubuntu-4ubuntu2.8
INF [20190709-10:04:45.651] thr=1   paramiko.transport: Connected (version 2.0, client OpenSSH_7.2p2)
DEB [20190709-10:04:52.835] thr=1   paramiko.transport: kex algos:[u'curve25519-sha256@libssh.org', u'ecdh-sha2-nistp256', u'ecdh-sha2-nistp384', u'ecdh-sha2-nistp521', u'diffie-hellman-group-exchange-sha256', u'diffie-hellman-group14-sha1'] server key:[u'ssh-rsa', u'rsa-sha2-512', u'rsa-sha2-256', u'ecdsa-sha2-nistp256', u'ssh-ed25519'] client encrypt:[u'chacha20-poly1305@openssh.com', u'aes128-ctr', u'aes192-ctr', u'aes256-ctr', u'aes128-gcm@openssh.com', u'aes256-gcm@openssh.com'] server encrypt:[u'chacha20-poly1305@openssh.com', u'aes128-ctr', u'aes192-ctr', u'aes256-ctr', u'aes128-gcm@openssh.com', u'aes256-gcm@openssh.com'] client mac:[u'umac-64-etm@openssh.com', u'umac-128-etm@openssh.com', u'hmac-sha2-256-etm@openssh.com', u'hmac-sha2-512-etm@openssh.com', u'hmac-sha1-etm@openssh.com', u'umac-64@openssh.com', u'umac-128@openssh.com', u'hmac-sha2-256', u'hmac-sha2-512', u'hmac-sha1'] server mac:[u'umac-64-etm@openssh.com', u'umac-128-etm@openssh.com', u'hmac-sha2-256-etm@openssh.com', u'hmac-sha2-512-etm@openssh.com', u'hmac-sha1-etm@openssh.com', u'umac-64@openssh.com', u'umac-128@openssh.com', u'hmac-sha2-256', u'hmac-sha2-512', u'hmac-sha1'] client compress:[u'none', u'zlib@openssh.com'] server compress:[u'none', u'zlib@openssh.com'] client lang:[u''] server lang:[u''] kex follows?False
DEB [20190709-10:04:52.836] thr=1   paramiko.transport: Kex agreed: curve25519-sha256@libssh.org
DEB [20190709-10:04:52.836] thr=1   paramiko.transport: HostKey agreed: ssh-ed25519
DEB [20190709-10:04:52.836] thr=1   paramiko.transport: Cipher agreed: aes128-ctr
DEB [20190709-10:04:52.836] thr=1   paramiko.transport: MAC agreed: hmac-sha2-256
DEB [20190709-10:04:52.836] thr=1   paramiko.transport: Compression agreed: none
DEB [20190709-10:05:02.107] thr=1   paramiko.transport: kex engine KexCurve25519 specified hash_algo <built-in function openssl_sha256>
DEB [20190709-10:05:02.108] thr=1   paramiko.transport: Switch to new keys ...
DEB [20190709-10:05:02.128] thr=2   paramiko.transport: Attempting GSS-API auth... (gssapi-with-mic)
DEB [20190709-10:05:02.279] thr=1   paramiko.transport: userauth is OK
ERR [20190709-10:05:02.282] thr=1   paramiko.transport: Unknown exception: No module named pyasn1.type.univ
ERR [20190709-10:05:02.282] thr=1   paramiko.transport: Traceback (most recent call last):
ERR [20190709-10:05:02.282] thr=1   paramiko.transport:   File "C:\Python27\lib\site-packages\paramiko\transport.py", line 2109, in run
ERR [20190709-10:05:02.283] thr=1   paramiko.transport:     handler(self.auth_handler, m)
ERR [20190709-10:05:02.283] thr=1   paramiko.transport:   File "C:\Python27\lib\site-packages\paramiko\auth_handler.py", line 305, in _parse_service_accept
ERR [20190709-10:05:02.283] thr=1   paramiko.transport:     m.add_bytes(sshgss.ssh_gss_oids())
ERR [20190709-10:05:02.283] thr=1   paramiko.transport:   File "C:\Python27\lib\site-packages\paramiko\ssh_gss.py", line 175, in ssh_gss_oids
ERR [20190709-10:05:02.283] thr=1   paramiko.transport:     from pyasn1.type.univ import ObjectIdentifier
ERR [20190709-10:05:02.283] thr=1   paramiko.transport: ImportError: No module named pyasn1.type.univ
ERR [20190709-10:05:02.283] thr=1   paramiko.transport: 
DEB [20190709-10:07:32.642] thr=1   paramiko.transport: starting thread (client mode): 0x2eb4630L
DEB [20190709-10:07:32.644] thr=1   paramiko.transport: Local version/idstring: SSH-2.0-paramiko_2.6.0
DEB [20190709-10:07:32.644] thr=1   paramiko.transport: Remote version/idstring: SSH-2.0-OpenSSH_7.2p2 Ubuntu-4ubuntu2.8
INF [20190709-10:07:32.644] thr=1   paramiko.transport: Connected (version 2.0, client OpenSSH_7.2p2)
DEB [20190709-10:07:32.671] thr=1   paramiko.transport: kex algos:[u'curve25519-sha256@libssh.org', u'ecdh-sha2-nistp256', u'ecdh-sha2-nistp384', u'ecdh-sha2-nistp521', u'diffie-hellman-group-exchange-sha256', u'diffie-hellman-group14-sha1'] server key:[u'ssh-rsa', u'rsa-sha2-512', u'rsa-sha2-256', u'ecdsa-sha2-nistp256', u'ssh-ed25519'] client encrypt:[u'chacha20-poly1305@openssh.com', u'aes128-ctr', u'aes192-ctr', u'aes256-ctr', u'aes128-gcm@openssh.com', u'aes256-gcm@openssh.com'] server encrypt:[u'chacha20-poly1305@openssh.com', u'aes128-ctr', u'aes192-ctr', u'aes256-ctr', u'aes128-gcm@openssh.com', u'aes256-gcm@openssh.com'] client mac:[u'umac-64-etm@openssh.com', u'umac-128-etm@openssh.com', u'hmac-sha2-256-etm@openssh.com', u'hmac-sha2-512-etm@openssh.com', u'hmac-sha1-etm@openssh.com', u'umac-64@openssh.com', u'umac-128@openssh.com', u'hmac-sha2-256', u'hmac-sha2-512', u'hmac-sha1'] server mac:[u'umac-64-etm@openssh.com', u'umac-128-etm@openssh.com', u'hmac-sha2-256-etm@openssh.com', u'hmac-sha2-512-etm@openssh.com', u'hmac-sha1-etm@openssh.com', u'umac-64@openssh.com', u'umac-128@openssh.com', u'hmac-sha2-256', u'hmac-sha2-512', u'hmac-sha1'] client compress:[u'none', u'zlib@openssh.com'] server compress:[u'none', u'zlib@openssh.com'] client lang:[u''] server lang:[u''] kex follows?False
DEB [20190709-10:07:32.671] thr=1   paramiko.transport: Kex agreed: curve25519-sha256@libssh.org
DEB [20190709-10:07:32.671] thr=1   paramiko.transport: HostKey agreed: ssh-ed25519
DEB [20190709-10:07:32.671] thr=1   paramiko.transport: Cipher agreed: aes128-ctr
DEB [20190709-10:07:32.671] thr=1   paramiko.transport: MAC agreed: hmac-sha2-256
DEB [20190709-10:07:32.671] thr=1   paramiko.transport: Compression agreed: none
DEB [20190709-10:07:32.770] thr=1   paramiko.transport: kex engine KexCurve25519 specified hash_algo <built-in function openssl_sha256>
DEB [20190709-10:07:32.773] thr=1   paramiko.transport: Switch to new keys ...
DEB [20190709-10:07:32.776] thr=2   paramiko.transport: Attempting GSS-API auth... (gssapi-with-mic)
DEB [20190709-10:07:32.789] thr=1   paramiko.transport: userauth is OK
DEB [20190709-10:07:32.846] thr=1   paramiko.transport: Authentication type (gssapi-with-mic) not permitted.
DEB [20190709-10:07:32.848] thr=1   paramiko.transport: Allowed methods: [u'publickey', u'password']
DEB [20190709-10:07:32.948] thr=1   paramiko.transport: EOF in transport thread
DEB [20190709-10:09:26.948] thr=1   paramiko.transport: starting thread (client mode): 0x2ea4630L
DEB [20190709-10:09:26.950] thr=1   paramiko.transport: Local version/idstring: SSH-2.0-paramiko_2.6.0
DEB [20190709-10:09:27.029] thr=1   paramiko.transport: Remote version/idstring: SSH-2.0-OpenSSH_7.2p2 Ubuntu-4ubuntu2.8
INF [20190709-10:09:27.029] thr=1   paramiko.transport: Connected (version 2.0, client OpenSSH_7.2p2)
DEB [20190709-10:09:27.035] thr=1   paramiko.transport: kex algos:[u'curve25519-sha256@libssh.org', u'ecdh-sha2-nistp256', u'ecdh-sha2-nistp384', u'ecdh-sha2-nistp521', u'diffie-hellman-group-exchange-sha256', u'diffie-hellman-group14-sha1'] server key:[u'ssh-rsa', u'rsa-sha2-512', u'rsa-sha2-256', u'ecdsa-sha2-nistp256', u'ssh-ed25519'] client encrypt:[u'chacha20-poly1305@openssh.com', u'aes128-ctr', u'aes192-ctr', u'aes256-ctr', u'aes128-gcm@openssh.com', u'aes256-gcm@openssh.com'] server encrypt:[u'chacha20-poly1305@openssh.com', u'aes128-ctr', u'aes192-ctr', u'aes256-ctr', u'aes128-gcm@openssh.com', u'aes256-gcm@openssh.com'] client mac:[u'umac-64-etm@openssh.com', u'umac-128-etm@openssh.com', u'hmac-sha2-256-etm@openssh.com', u'hmac-sha2-512-etm@openssh.com', u'hmac-sha1-etm@openssh.com', u'umac-64@openssh.com', u'umac-128@openssh.com', u'hmac-sha2-256', u'hmac-sha2-512', u'hmac-sha1'] server mac:[u'umac-64-etm@openssh.com', u'umac-128-etm@openssh.com', u'hmac-sha2-256-etm@openssh.com', u'hmac-sha2-512-etm@openssh.com', u'hmac-sha1-etm@openssh.com', u'umac-64@openssh.com', u'umac-128@openssh.com', u'hmac-sha2-256', u'hmac-sha2-512', u'hmac-sha1'] client compress:[u'none', u'zlib@openssh.com'] server compress:[u'none', u'zlib@openssh.com'] client lang:[u''] server lang:[u''] kex follows?False
DEB [20190709-10:09:27.036] thr=1   paramiko.transport: Kex agreed: curve25519-sha256@libssh.org
DEB [20190709-10:09:27.036] thr=1   paramiko.transport: HostKey agreed: ssh-ed25519
DEB [20190709-10:09:27.036] thr=1   paramiko.transport: Cipher agreed: aes128-ctr
DEB [20190709-10:09:27.036] thr=1   paramiko.transport: MAC agreed: hmac-sha2-256
DEB [20190709-10:09:27.036] thr=1   paramiko.transport: Compression agreed: none
DEB [20190709-10:09:27.102] thr=1   paramiko.transport: kex engine KexCurve25519 specified hash_algo <built-in function openssl_sha256>
DEB [20190709-10:09:27.104] thr=1   paramiko.transport: Switch to new keys ...
DEB [20190709-10:09:27.115] thr=2   paramiko.transport: Attempting password auth...
DEB [20190709-10:09:27.128] thr=1   paramiko.transport: userauth is OK
INF [20190709-10:09:27.253] thr=1   paramiko.transport: Authentication (password) successful!
DEB [20190709-10:09:27.282] thr=2   paramiko.transport: [chan 0] Max packet in: 32768 bytes
DEB [20190709-10:09:28.433] thr=1   paramiko.transport: Received global request "hostkeys-00@openssh.com"
DEB [20190709-10:09:28.433] thr=1   paramiko.transport: Rejecting "hostkeys-00@openssh.com" global request from server.
DEB [20190709-10:09:28.479] thr=1   paramiko.transport: [chan 0] Max packet out: 32768 bytes
DEB [20190709-10:09:28.479] thr=1   paramiko.transport: Secsh channel 0 opened.
DEB [20190709-10:09:28.497] thr=1   paramiko.transport: [chan 0] Sesch channel 0 request ok
INF [20190709-10:09:28.519] thr=2   paramiko.transport.sftp: [chan 0] Opened sftp connection (server version 3)
DEB [20190709-10:09:28.519] thr=2   paramiko.transport.sftp: [chan 0] listdir('.')
DEB [20190709-10:09:37.627] thr=3   paramiko.transport: starting thread (client mode): 0x32cf9e8L
DEB [20190709-10:09:37.628] thr=3   paramiko.transport: Local version/idstring: SSH-2.0-paramiko_2.6.0
DEB [20190709-10:09:37.628] thr=3   paramiko.transport: Remote version/idstring: SSH-2.0-OpenSSH_7.2p2 Ubuntu-4ubuntu2.8
INF [20190709-10:09:37.628] thr=3   paramiko.transport: Connected (version 2.0, client OpenSSH_7.2p2)
DEB [20190709-10:09:37.654] thr=3   paramiko.transport: kex algos:[u'curve25519-sha256@libssh.org', u'ecdh-sha2-nistp256', u'ecdh-sha2-nistp384', u'ecdh-sha2-nistp521', u'diffie-hellman-group-exchange-sha256', u'diffie-hellman-group14-sha1'] server key:[u'ssh-rsa', u'rsa-sha2-512', u'rsa-sha2-256', u'ecdsa-sha2-nistp256', u'ssh-ed25519'] client encrypt:[u'chacha20-poly1305@openssh.com', u'aes128-ctr', u'aes192-ctr', u'aes256-ctr', u'aes128-gcm@openssh.com', u'aes256-gcm@openssh.com'] server encrypt:[u'chacha20-poly1305@openssh.com', u'aes128-ctr', u'aes192-ctr', u'aes256-ctr', u'aes128-gcm@openssh.com', u'aes256-gcm@openssh.com'] client mac:[u'umac-64-etm@openssh.com', u'umac-128-etm@openssh.com', u'hmac-sha2-256-etm@openssh.com', u'hmac-sha2-512-etm@openssh.com', u'hmac-sha1-etm@openssh.com', u'umac-64@openssh.com', u'umac-128@openssh.com', u'hmac-sha2-256', u'hmac-sha2-512', u'hmac-sha1'] server mac:[u'umac-64-etm@openssh.com', u'umac-128-etm@openssh.com', u'hmac-sha2-256-etm@openssh.com', u'hmac-sha2-512-etm@openssh.com', u'hmac-sha1-etm@openssh.com', u'umac-64@openssh.com', u'umac-128@openssh.com', u'hmac-sha2-256', u'hmac-sha2-512', u'hmac-sha1'] client compress:[u'none', u'zlib@openssh.com'] server compress:[u'none', u'zlib@openssh.com'] client lang:[u''] server lang:[u''] kex follows?False
DEB [20190709-10:09:37.654] thr=3   paramiko.transport: Kex agreed: curve25519-sha256@libssh.org
DEB [20190709-10:09:37.655] thr=3   paramiko.transport: HostKey agreed: ssh-ed25519
DEB [20190709-10:09:37.655] thr=3   paramiko.transport: Cipher agreed: aes128-ctr
DEB [20190709-10:09:37.655] thr=3   paramiko.transport: MAC agreed: hmac-sha2-256
DEB [20190709-10:09:37.655] thr=3   paramiko.transport: Compression agreed: none
DEB [20190709-10:09:37.809] thr=3   paramiko.transport: kex engine KexCurve25519 specified hash_algo <built-in function openssl_sha256>
DEB [20190709-10:09:37.811] thr=3   paramiko.transport: Switch to new keys ...
DEB [20190709-10:09:37.826] thr=2   paramiko.transport: Attempting GSS-API auth... (gssapi-with-mic)
DEB [20190709-10:09:37.829] thr=3   paramiko.transport: userauth is OK
DEB [20190709-10:09:37.888] thr=3   paramiko.transport: Authentication type (gssapi-with-mic) not permitted.
DEB [20190709-10:09:37.888] thr=3   paramiko.transport: Allowed methods: [u'publickey', u'password']
DEB [20190709-10:09:37.944] thr=1   paramiko.transport: EOF in transport thread
DEB [20190709-10:09:37.990] thr=3   paramiko.transport: EOF in transport thread
DEB [20190709-10:14:23.305] thr=1   paramiko.transport: starting thread (client mode): 0x34646a0L
DEB [20190709-10:14:23.306] thr=1   paramiko.transport: Local version/idstring: SSH-2.0-paramiko_2.6.0
DEB [20190709-10:14:23.311] thr=1   paramiko.transport: Remote version/idstring: SSH-2.0-OpenSSH_7.2p2 Ubuntu-4ubuntu2.8
INF [20190709-10:14:23.311] thr=1   paramiko.transport: Connected (version 2.0, client OpenSSH_7.2p2)
DEB [20190709-10:14:23.414] thr=1   paramiko.transport: kex algos:[u'curve25519-sha256@libssh.org', u'ecdh-sha2-nistp256', u'ecdh-sha2-nistp384', u'ecdh-sha2-nistp521', u'diffie-hellman-group-exchange-sha256', u'diffie-hellman-group14-sha1'] server key:[u'ssh-rsa', u'rsa-sha2-512', u'rsa-sha2-256', u'ecdsa-sha2-nistp256', u'ssh-ed25519'] client encrypt:[u'chacha20-poly1305@openssh.com', u'aes128-ctr', u'aes192-ctr', u'aes256-ctr', u'aes128-gcm@openssh.com', u'aes256-gcm@openssh.com'] server encrypt:[u'chacha20-poly1305@openssh.com', u'aes128-ctr', u'aes192-ctr', u'aes256-ctr', u'aes128-gcm@openssh.com', u'aes256-gcm@openssh.com'] client mac:[u'umac-64-etm@openssh.com', u'umac-128-etm@openssh.com', u'hmac-sha2-256-etm@openssh.com', u'hmac-sha2-512-etm@openssh.com', u'hmac-sha1-etm@openssh.com', u'umac-64@openssh.com', u'umac-128@openssh.com', u'hmac-sha2-256', u'hmac-sha2-512', u'hmac-sha1'] server mac:[u'umac-64-etm@openssh.com', u'umac-128-etm@openssh.com', u'hmac-sha2-256-etm@openssh.com', u'hmac-sha2-512-etm@openssh.com', u'hmac-sha1-etm@openssh.com', u'umac-64@openssh.com', u'umac-128@openssh.com', u'hmac-sha2-256', u'hmac-sha2-512', u'hmac-sha1'] client compress:[u'none', u'zlib@openssh.com'] server compress:[u'none', u'zlib@openssh.com'] client lang:[u''] server lang:[u''] kex follows?False
DEB [20190709-10:14:23.414] thr=1   paramiko.transport: Kex agreed: curve25519-sha256@libssh.org
DEB [20190709-10:14:23.414] thr=1   paramiko.transport: HostKey agreed: ssh-ed25519
DEB [20190709-10:14:23.414] thr=1   paramiko.transport: Cipher agreed: aes128-ctr
DEB [20190709-10:14:23.414] thr=1   paramiko.transport: MAC agreed: hmac-sha2-256
DEB [20190709-10:14:23.414] thr=1   paramiko.transport: Compression agreed: none
DEB [20190709-10:14:23.571] thr=1   paramiko.transport: kex engine KexCurve25519 specified hash_algo <built-in function openssl_sha256>
DEB [20190709-10:14:23.572] thr=1   paramiko.transport: Switch to new keys ...
DEB [20190709-10:14:23.572] thr=2   paramiko.transport: Attempting password auth...
DEB [20190709-10:14:23.586] thr=1   paramiko.transport: userauth is OK
INF [20190709-10:14:23.721] thr=1   paramiko.transport: Authentication (password) successful!
DEB [20190709-10:14:23.740] thr=2   paramiko.transport: [chan 0] Max packet in: 32768 bytes
DEB [20190709-10:14:24.184] thr=1   paramiko.transport: Received global request "hostkeys-00@openssh.com"
DEB [20190709-10:14:24.184] thr=1   paramiko.transport: Rejecting "hostkeys-00@openssh.com" global request from server.
DEB [20190709-10:14:24.239] thr=1   paramiko.transport: [chan 0] Max packet out: 32768 bytes
DEB [20190709-10:14:24.239] thr=1   paramiko.transport: Secsh channel 0 opened.
DEB [20190709-10:14:24.249] thr=1   paramiko.transport: [chan 0] Sesch channel 0 request ok
INF [20190709-10:14:24.259] thr=2   paramiko.transport.sftp: [chan 0] Opened sftp connection (server version 3)
DEB [20190709-10:14:24.259] thr=2   paramiko.transport.sftp: [chan 0] listdir('.')
DEB [20190709-10:14:24.289] thr=2   paramiko.transport.sftp: [chan 0] open('/home/niryo/catkin_ws/devel', 'wb')
DEB [20190709-10:14:24.394] thr=1   paramiko.transport: EOF in transport thread
DEB [20190709-10:15:52.071] thr=1   paramiko.transport: starting thread (client mode): 0x2f546a0L
DEB [20190709-10:15:52.071] thr=1   paramiko.transport: Local version/idstring: SSH-2.0-paramiko_2.6.0
DEB [20190709-10:15:52.161] thr=1   paramiko.transport: Remote version/idstring: SSH-2.0-OpenSSH_7.2p2 Ubuntu-4ubuntu2.8
INF [20190709-10:15:52.163] thr=1   paramiko.transport: Connected (version 2.0, client OpenSSH_7.2p2)
DEB [20190709-10:15:52.180] thr=1   paramiko.transport: kex algos:[u'curve25519-sha256@libssh.org', u'ecdh-sha2-nistp256', u'ecdh-sha2-nistp384', u'ecdh-sha2-nistp521', u'diffie-hellman-group-exchange-sha256', u'diffie-hellman-group14-sha1'] server key:[u'ssh-rsa', u'rsa-sha2-512', u'rsa-sha2-256', u'ecdsa-sha2-nistp256', u'ssh-ed25519'] client encrypt:[u'chacha20-poly1305@openssh.com', u'aes128-ctr', u'aes192-ctr', u'aes256-ctr', u'aes128-gcm@openssh.com', u'aes256-gcm@openssh.com'] server encrypt:[u'chacha20-poly1305@openssh.com', u'aes128-ctr', u'aes192-ctr', u'aes256-ctr', u'aes128-gcm@openssh.com', u'aes256-gcm@openssh.com'] client mac:[u'umac-64-etm@openssh.com', u'umac-128-etm@openssh.com', u'hmac-sha2-256-etm@openssh.com', u'hmac-sha2-512-etm@openssh.com', u'hmac-sha1-etm@openssh.com', u'umac-64@openssh.com', u'umac-128@openssh.com', u'hmac-sha2-256', u'hmac-sha2-512', u'hmac-sha1'] server mac:[u'umac-64-etm@openssh.com', u'umac-128-etm@openssh.com', u'hmac-sha2-256-etm@openssh.com', u'hmac-sha2-512-etm@openssh.com', u'hmac-sha1-etm@openssh.com', u'umac-64@openssh.com', u'umac-128@openssh.com', u'hmac-sha2-256', u'hmac-sha2-512', u'hmac-sha1'] client compress:[u'none', u'zlib@openssh.com'] server compress:[u'none', u'zlib@openssh.com'] client lang:[u''] server lang:[u''] kex follows?False
DEB [20190709-10:15:52.180] thr=1   paramiko.transport: Kex agreed: curve25519-sha256@libssh.org
DEB [20190709-10:15:52.180] thr=1   paramiko.transport: HostKey agreed: ssh-ed25519
DEB [20190709-10:15:52.180] thr=1   paramiko.transport: Cipher agreed: aes128-ctr
DEB [20190709-10:15:52.181] thr=1   paramiko.transport: MAC agreed: hmac-sha2-256
DEB [20190709-10:15:52.181] thr=1   paramiko.transport: Compression agreed: none
DEB [20190709-10:15:52.233] thr=1   paramiko.transport: kex engine KexCurve25519 specified hash_algo <built-in function openssl_sha256>
DEB [20190709-10:15:52.233] thr=1   paramiko.transport: Switch to new keys ...
DEB [20190709-10:15:52.237] thr=2   paramiko.transport: Attempting password auth...
DEB [20190709-10:15:52.322] thr=1   paramiko.transport: userauth is OK
INF [20190709-10:15:52.446] thr=1   paramiko.transport: Authentication (password) successful!
DEB [20190709-10:15:52.447] thr=2   paramiko.transport: [chan 0] Max packet in: 32768 bytes
DEB [20190709-10:15:52.877] thr=1   paramiko.transport: Received global request "hostkeys-00@openssh.com"
DEB [20190709-10:15:52.877] thr=1   paramiko.transport: Rejecting "hostkeys-00@openssh.com" global request from server.
DEB [20190709-10:15:52.938] thr=1   paramiko.transport: [chan 0] Max packet out: 32768 bytes
DEB [20190709-10:15:52.938] thr=1   paramiko.transport: Secsh channel 0 opened.
DEB [20190709-10:15:52.956] thr=1   paramiko.transport: [chan 0] Sesch channel 0 request ok
INF [20190709-10:15:52.964] thr=2   paramiko.transport.sftp: [chan 0] Opened sftp connection (server version 3)
DEB [20190709-10:15:52.964] thr=2   paramiko.transport.sftp: [chan 0] listdir('.')
DEB [20190709-10:15:52.994] thr=2   paramiko.transport.sftp: [chan 0] open('/home/niryo/catkin_ws/devel', 'wb')
DEB [20190709-10:15:53.108] thr=1   paramiko.transport: EOF in transport thread
DEB [20190709-10:17:31.319] thr=1   paramiko.transport: starting thread (client mode): 0x2b446a0L
DEB [20190709-10:17:31.319] thr=1   paramiko.transport: Local version/idstring: SSH-2.0-paramiko_2.6.0
DEB [20190709-10:17:31.368] thr=1   paramiko.transport: Remote version/idstring: SSH-2.0-OpenSSH_7.2p2 Ubuntu-4ubuntu2.8
INF [20190709-10:17:31.368] thr=1   paramiko.transport: Connected (version 2.0, client OpenSSH_7.2p2)
DEB [20190709-10:17:31.377] thr=1   paramiko.transport: kex algos:[u'curve25519-sha256@libssh.org', u'ecdh-sha2-nistp256', u'ecdh-sha2-nistp384', u'ecdh-sha2-nistp521', u'diffie-hellman-group-exchange-sha256', u'diffie-hellman-group14-sha1'] server key:[u'ssh-rsa', u'rsa-sha2-512', u'rsa-sha2-256', u'ecdsa-sha2-nistp256', u'ssh-ed25519'] client encrypt:[u'chacha20-poly1305@openssh.com', u'aes128-ctr', u'aes192-ctr', u'aes256-ctr', u'aes128-gcm@openssh.com', u'aes256-gcm@openssh.com'] server encrypt:[u'chacha20-poly1305@openssh.com', u'aes128-ctr', u'aes192-ctr', u'aes256-ctr', u'aes128-gcm@openssh.com', u'aes256-gcm@openssh.com'] client mac:[u'umac-64-etm@openssh.com', u'umac-128-etm@openssh.com', u'hmac-sha2-256-etm@openssh.com', u'hmac-sha2-512-etm@openssh.com', u'hmac-sha1-etm@openssh.com', u'umac-64@openssh.com', u'umac-128@openssh.com', u'hmac-sha2-256', u'hmac-sha2-512', u'hmac-sha1'] server mac:[u'umac-64-etm@openssh.com', u'umac-128-etm@openssh.com', u'hmac-sha2-256-etm@openssh.com', u'hmac-sha2-512-etm@openssh.com', u'hmac-sha1-etm@openssh.com', u'umac-64@openssh.com', u'umac-128@openssh.com', u'hmac-sha2-256', u'hmac-sha2-512', u'hmac-sha1'] client compress:[u'none', u'zlib@openssh.com'] server compress:[u'none', u'zlib@openssh.com'] client lang:[u''] server lang:[u''] kex follows?False
DEB [20190709-10:17:31.378] thr=1   paramiko.transport: Kex agreed: curve25519-sha256@libssh.org
DEB [20190709-10:17:31.378] thr=1   paramiko.transport: HostKey agreed: ssh-ed25519
DEB [20190709-10:17:31.378] thr=1   paramiko.transport: Cipher agreed: aes128-ctr
DEB [20190709-10:17:31.378] thr=1   paramiko.transport: MAC agreed: hmac-sha2-256
DEB [20190709-10:17:31.378] thr=1   paramiko.transport: Compression agreed: none
DEB [20190709-10:17:31.431] thr=1   paramiko.transport: kex engine KexCurve25519 specified hash_algo <built-in function openssl_sha256>
DEB [20190709-10:17:31.433] thr=1   paramiko.transport: Switch to new keys ...
DEB [20190709-10:17:31.437] thr=2   paramiko.transport: Attempting password auth...
DEB [20190709-10:17:31.444] thr=1   paramiko.transport: userauth is OK
INF [20190709-10:17:31.566] thr=1   paramiko.transport: Authentication (password) successful!
DEB [20190709-10:17:31.573] thr=2   paramiko.transport: [chan 0] Max packet in: 32768 bytes
DEB [20190709-10:17:32.039] thr=1   paramiko.transport: Received global request "hostkeys-00@openssh.com"
DEB [20190709-10:17:32.039] thr=1   paramiko.transport: Rejecting "hostkeys-00@openssh.com" global request from server.
DEB [20190709-10:17:32.088] thr=1   paramiko.transport: [chan 0] Max packet out: 32768 bytes
DEB [20190709-10:17:32.088] thr=1   paramiko.transport: Secsh channel 0 opened.
DEB [20190709-10:17:32.099] thr=1   paramiko.transport: [chan 0] Sesch channel 0 request ok
INF [20190709-10:17:32.121] thr=2   paramiko.transport.sftp: [chan 0] Opened sftp connection (server version 3)
DEB [20190709-10:17:32.121] thr=2   paramiko.transport.sftp: [chan 0] listdir('.')
DEB [20190709-10:17:32.154] thr=2   paramiko.transport.sftp: [chan 0] open('/home/niryo/catkin_ws/devel', 'wb')
DEB [20190709-10:17:32.259] thr=1   paramiko.transport: EOF in transport thread
DEB [20190709-10:18:20.190] thr=1   paramiko.transport: starting thread (client mode): 0x31e46a0L
DEB [20190709-10:18:20.190] thr=1   paramiko.transport: Local version/idstring: SSH-2.0-paramiko_2.6.0
DEB [20190709-10:18:20.242] thr=1   paramiko.transport: Remote version/idstring: SSH-2.0-OpenSSH_7.2p2 Ubuntu-4ubuntu2.8
INF [20190709-10:18:20.242] thr=1   paramiko.transport: Connected (version 2.0, client OpenSSH_7.2p2)
DEB [20190709-10:18:20.257] thr=1   paramiko.transport: kex algos:[u'curve25519-sha256@libssh.org', u'ecdh-sha2-nistp256', u'ecdh-sha2-nistp384', u'ecdh-sha2-nistp521', u'diffie-hellman-group-exchange-sha256', u'diffie-hellman-group14-sha1'] server key:[u'ssh-rsa', u'rsa-sha2-512', u'rsa-sha2-256', u'ecdsa-sha2-nistp256', u'ssh-ed25519'] client encrypt:[u'chacha20-poly1305@openssh.com', u'aes128-ctr', u'aes192-ctr', u'aes256-ctr', u'aes128-gcm@openssh.com', u'aes256-gcm@openssh.com'] server encrypt:[u'chacha20-poly1305@openssh.com', u'aes128-ctr', u'aes192-ctr', u'aes256-ctr', u'aes128-gcm@openssh.com', u'aes256-gcm@openssh.com'] client mac:[u'umac-64-etm@openssh.com', u'umac-128-etm@openssh.com', u'hmac-sha2-256-etm@openssh.com', u'hmac-sha2-512-etm@openssh.com', u'hmac-sha1-etm@openssh.com', u'umac-64@openssh.com', u'umac-128@openssh.com', u'hmac-sha2-256', u'hmac-sha2-512', u'hmac-sha1'] server mac:[u'umac-64-etm@openssh.com', u'umac-128-etm@openssh.com', u'hmac-sha2-256-etm@openssh.com', u'hmac-sha2-512-etm@openssh.com', u'hmac-sha1-etm@openssh.com', u'umac-64@openssh.com', u'umac-128@openssh.com', u'hmac-sha2-256', u'hmac-sha2-512', u'hmac-sha1'] client compress:[u'none', u'zlib@openssh.com'] server compress:[u'none', u'zlib@openssh.com'] client lang:[u''] server lang:[u''] kex follows?False
DEB [20190709-10:18:20.257] thr=1   paramiko.transport: Kex agreed: curve25519-sha256@libssh.org
DEB [20190709-10:18:20.257] thr=1   paramiko.transport: HostKey agreed: ssh-ed25519
DEB [20190709-10:18:20.257] thr=1   paramiko.transport: Cipher agreed: aes128-ctr
DEB [20190709-10:18:20.257] thr=1   paramiko.transport: MAC agreed: hmac-sha2-256
DEB [20190709-10:18:20.257] thr=1   paramiko.transport: Compression agreed: none
DEB [20190709-10:18:20.341] thr=1   paramiko.transport: kex engine KexCurve25519 specified hash_algo <built-in function openssl_sha256>
DEB [20190709-10:18:20.342] thr=1   paramiko.transport: Switch to new keys ...
DEB [20190709-10:18:20.358] thr=2   paramiko.transport: Attempting password auth...
DEB [20190709-10:18:20.477] thr=1   paramiko.transport: userauth is OK
INF [20190709-10:18:20.648] thr=1   paramiko.transport: Authentication (password) successful!
DEB [20190709-10:18:20.660] thr=2   paramiko.transport: [chan 0] Max packet in: 32768 bytes
DEB [20190709-10:18:21.099] thr=1   paramiko.transport: Received global request "hostkeys-00@openssh.com"
DEB [20190709-10:18:21.099] thr=1   paramiko.transport: Rejecting "hostkeys-00@openssh.com" global request from server.
DEB [20190709-10:18:21.145] thr=1   paramiko.transport: [chan 0] Max packet out: 32768 bytes
DEB [20190709-10:18:21.145] thr=1   paramiko.transport: Secsh channel 0 opened.
DEB [20190709-10:18:21.171] thr=1   paramiko.transport: [chan 0] Sesch channel 0 request ok
INF [20190709-10:18:21.180] thr=2   paramiko.transport.sftp: [chan 0] Opened sftp connection (server version 3)
DEB [20190709-10:18:21.181] thr=2   paramiko.transport.sftp: [chan 0] listdir('/home/niryo/catkin_ws/devel')
DEB [20190709-10:18:21.217] thr=2   paramiko.transport.sftp: [chan 0] open('/home/niryo/catkin_ws/devel', 'wb')
DEB [20190709-10:18:21.322] thr=1   paramiko.transport: EOF in transport thread
DEB [20190709-10:20:07.581] thr=1   paramiko.transport: starting thread (client mode): 0x31d46a0L
DEB [20190709-10:20:07.582] thr=1   paramiko.transport: Local version/idstring: SSH-2.0-paramiko_2.6.0
DEB [20190709-10:20:07.658] thr=1   paramiko.transport: Remote version/idstring: SSH-2.0-OpenSSH_7.2p2 Ubuntu-4ubuntu2.8
INF [20190709-10:20:07.658] thr=1   paramiko.transport: Connected (version 2.0, client OpenSSH_7.2p2)
DEB [20190709-10:20:07.670] thr=1   paramiko.transport: kex algos:[u'curve25519-sha256@libssh.org', u'ecdh-sha2-nistp256', u'ecdh-sha2-nistp384', u'ecdh-sha2-nistp521', u'diffie-hellman-group-exchange-sha256', u'diffie-hellman-group14-sha1'] server key:[u'ssh-rsa', u'rsa-sha2-512', u'rsa-sha2-256', u'ecdsa-sha2-nistp256', u'ssh-ed25519'] client encrypt:[u'chacha20-poly1305@openssh.com', u'aes128-ctr', u'aes192-ctr', u'aes256-ctr', u'aes128-gcm@openssh.com', u'aes256-gcm@openssh.com'] server encrypt:[u'chacha20-poly1305@openssh.com', u'aes128-ctr', u'aes192-ctr', u'aes256-ctr', u'aes128-gcm@openssh.com', u'aes256-gcm@openssh.com'] client mac:[u'umac-64-etm@openssh.com', u'umac-128-etm@openssh.com', u'hmac-sha2-256-etm@openssh.com', u'hmac-sha2-512-etm@openssh.com', u'hmac-sha1-etm@openssh.com', u'umac-64@openssh.com', u'umac-128@openssh.com', u'hmac-sha2-256', u'hmac-sha2-512', u'hmac-sha1'] server mac:[u'umac-64-etm@openssh.com', u'umac-128-etm@openssh.com', u'hmac-sha2-256-etm@openssh.com', u'hmac-sha2-512-etm@openssh.com', u'hmac-sha1-etm@openssh.com', u'umac-64@openssh.com', u'umac-128@openssh.com', u'hmac-sha2-256', u'hmac-sha2-512', u'hmac-sha1'] client compress:[u'none', u'zlib@openssh.com'] server compress:[u'none', u'zlib@openssh.com'] client lang:[u''] server lang:[u''] kex follows?False
DEB [20190709-10:20:07.670] thr=1   paramiko.transport: Kex agreed: curve25519-sha256@libssh.org
DEB [20190709-10:20:07.670] thr=1   paramiko.transport: HostKey agreed: ssh-ed25519
DEB [20190709-10:20:07.670] thr=1   paramiko.transport: Cipher agreed: aes128-ctr
DEB [20190709-10:20:07.670] thr=1   paramiko.transport: MAC agreed: hmac-sha2-256
DEB [20190709-10:20:07.671] thr=1   paramiko.transport: Compression agreed: none
DEB [20190709-10:20:07.730] thr=1   paramiko.transport: kex engine KexCurve25519 specified hash_algo <built-in function openssl_sha256>
DEB [20190709-10:20:07.732] thr=1   paramiko.transport: Switch to new keys ...
DEB [20190709-10:20:07.749] thr=2   paramiko.transport: Attempting password auth...
DEB [20190709-10:20:07.782] thr=1   paramiko.transport: userauth is OK
INF [20190709-10:20:07.905] thr=1   paramiko.transport: Authentication (password) successful!
DEB [20190709-10:20:07.915] thr=2   paramiko.transport: [chan 0] Max packet in: 32768 bytes
DEB [20190709-10:20:08.348] thr=1   paramiko.transport: Received global request "hostkeys-00@openssh.com"
DEB [20190709-10:20:08.349] thr=1   paramiko.transport: Rejecting "hostkeys-00@openssh.com" global request from server.
DEB [20190709-10:20:08.397] thr=1   paramiko.transport: [chan 0] Max packet out: 32768 bytes
DEB [20190709-10:20:08.397] thr=1   paramiko.transport: Secsh channel 0 opened.
DEB [20190709-10:20:08.427] thr=1   paramiko.transport: [chan 0] Sesch channel 0 request ok
INF [20190709-10:20:08.433] thr=2   paramiko.transport.sftp: [chan 0] Opened sftp connection (server version 3)
DEB [20190709-10:20:08.434] thr=2   paramiko.transport.sftp: [chan 0] listdir('/home/niryo/catkin_ws/devel')
DEB [20190709-10:20:08.461] thr=2   paramiko.transport.sftp: [chan 0] open('/home/niryo/catkin_ws/develniryo_one_example_python_api.py', 'wb')
DEB [20190709-10:20:08.467] thr=2   paramiko.transport.sftp: [chan 0] open('/home/niryo/catkin_ws/develniryo_one_example_python_api.py', 'wb') -> 00000000
DEB [20190709-10:20:08.470] thr=2   paramiko.transport.sftp: [chan 0] close(00000000)
DEB [20190709-10:20:08.486] thr=2   paramiko.transport.sftp: [chan 0] stat('/home/niryo/catkin_ws/develniryo_one_example_python_api.py')
DEB [20190709-10:20:08.601] thr=1   paramiko.transport: EOF in transport thread
DEB [20190709-10:21:54.262] thr=1   paramiko.transport: starting thread (client mode): 0x2d746a0L
DEB [20190709-10:21:54.262] thr=1   paramiko.transport: Local version/idstring: SSH-2.0-paramiko_2.6.0
DEB [20190709-10:21:54.299] thr=1   paramiko.transport: Remote version/idstring: SSH-2.0-OpenSSH_7.2p2 Ubuntu-4ubuntu2.8
INF [20190709-10:21:54.299] thr=1   paramiko.transport: Connected (version 2.0, client OpenSSH_7.2p2)
DEB [20190709-10:21:54.305] thr=1   paramiko.transport: kex algos:[u'curve25519-sha256@libssh.org', u'ecdh-sha2-nistp256', u'ecdh-sha2-nistp384', u'ecdh-sha2-nistp521', u'diffie-hellman-group-exchange-sha256', u'diffie-hellman-group14-sha1'] server key:[u'ssh-rsa', u'rsa-sha2-512', u'rsa-sha2-256', u'ecdsa-sha2-nistp256', u'ssh-ed25519'] client encrypt:[u'chacha20-poly1305@openssh.com', u'aes128-ctr', u'aes192-ctr', u'aes256-ctr', u'aes128-gcm@openssh.com', u'aes256-gcm@openssh.com'] server encrypt:[u'chacha20-poly1305@openssh.com', u'aes128-ctr', u'aes192-ctr', u'aes256-ctr', u'aes128-gcm@openssh.com', u'aes256-gcm@openssh.com'] client mac:[u'umac-64-etm@openssh.com', u'umac-128-etm@openssh.com', u'hmac-sha2-256-etm@openssh.com', u'hmac-sha2-512-etm@openssh.com', u'hmac-sha1-etm@openssh.com', u'umac-64@openssh.com', u'umac-128@openssh.com', u'hmac-sha2-256', u'hmac-sha2-512', u'hmac-sha1'] server mac:[u'umac-64-etm@openssh.com', u'umac-128-etm@openssh.com', u'hmac-sha2-256-etm@openssh.com', u'hmac-sha2-512-etm@openssh.com', u'hmac-sha1-etm@openssh.com', u'umac-64@openssh.com', u'umac-128@openssh.com', u'hmac-sha2-256', u'hmac-sha2-512', u'hmac-sha1'] client compress:[u'none', u'zlib@openssh.com'] server compress:[u'none', u'zlib@openssh.com'] client lang:[u''] server lang:[u''] kex follows?False
DEB [20190709-10:21:54.306] thr=1   paramiko.transport: Kex agreed: curve25519-sha256@libssh.org
DEB [20190709-10:21:54.306] thr=1   paramiko.transport: HostKey agreed: ssh-ed25519
DEB [20190709-10:21:54.306] thr=1   paramiko.transport: Cipher agreed: aes128-ctr
DEB [20190709-10:21:54.308] thr=1   paramiko.transport: MAC agreed: hmac-sha2-256
DEB [20190709-10:21:54.308] thr=1   paramiko.transport: Compression agreed: none
DEB [20190709-10:21:54.361] thr=1   paramiko.transport: kex engine KexCurve25519 specified hash_algo <built-in function openssl_sha256>
DEB [20190709-10:21:54.362] thr=1   paramiko.transport: Switch to new keys ...
DEB [20190709-10:21:54.365] thr=2   paramiko.transport: Attempting password auth...
DEB [20190709-10:21:54.421] thr=1   paramiko.transport: userauth is OK
INF [20190709-10:21:54.546] thr=1   paramiko.transport: Authentication (password) successful!
DEB [20190709-10:21:54.565] thr=2   paramiko.transport: [chan 0] Max packet in: 32768 bytes
DEB [20190709-10:21:55.032] thr=1   paramiko.transport: Received global request "hostkeys-00@openssh.com"
DEB [20190709-10:21:55.032] thr=1   paramiko.transport: Rejecting "hostkeys-00@openssh.com" global request from server.
DEB [20190709-10:21:55.092] thr=1   paramiko.transport: [chan 0] Max packet out: 32768 bytes
DEB [20190709-10:21:55.092] thr=1   paramiko.transport: Secsh channel 0 opened.
DEB [20190709-10:21:55.108] thr=1   paramiko.transport: [chan 0] Sesch channel 0 request ok
INF [20190709-10:21:55.117] thr=2   paramiko.transport.sftp: [chan 0] Opened sftp connection (server version 3)
DEB [20190709-10:21:55.117] thr=2   paramiko.transport.sftp: [chan 0] listdir('/home/niryo/catkin_ws/devel')
DEB [20190709-10:21:55.150] thr=2   paramiko.transport.sftp: [chan 0] open('/home/niryo/catkin_ws/develniryo_one_example_python_api.py', 'wb')
DEB [20190709-10:21:55.164] thr=2   paramiko.transport.sftp: [chan 0] open('/home/niryo/catkin_ws/develniryo_one_example_python_api.py', 'wb') -> 00000000
DEB [20190709-10:21:55.167] thr=2   paramiko.transport.sftp: [chan 0] close(00000000)
DEB [20190709-10:21:55.180] thr=2   paramiko.transport.sftp: [chan 0] stat('/home/niryo/catkin_ws/develniryo_one_example_python_api.py')
DEB [20190709-10:21:55.286] thr=1   paramiko.transport: EOF in transport thread
DEB [20190709-11:00:33.039] thr=1   paramiko.transport: starting thread (client mode): 0x2d346a0L
DEB [20190709-11:00:33.039] thr=1   paramiko.transport: Local version/idstring: SSH-2.0-paramiko_2.6.0
DEB [20190709-11:00:33.096] thr=1   paramiko.transport: Remote version/idstring: SSH-2.0-OpenSSH_7.2p2 Ubuntu-4ubuntu2.8
INF [20190709-11:00:33.096] thr=1   paramiko.transport: Connected (version 2.0, client OpenSSH_7.2p2)
DEB [20190709-11:00:33.101] thr=1   paramiko.transport: kex algos:[u'curve25519-sha256@libssh.org', u'ecdh-sha2-nistp256', u'ecdh-sha2-nistp384', u'ecdh-sha2-nistp521', u'diffie-hellman-group-exchange-sha256', u'diffie-hellman-group14-sha1'] server key:[u'ssh-rsa', u'rsa-sha2-512', u'rsa-sha2-256', u'ecdsa-sha2-nistp256', u'ssh-ed25519'] client encrypt:[u'chacha20-poly1305@openssh.com', u'aes128-ctr', u'aes192-ctr', u'aes256-ctr', u'aes128-gcm@openssh.com', u'aes256-gcm@openssh.com'] server encrypt:[u'chacha20-poly1305@openssh.com', u'aes128-ctr', u'aes192-ctr', u'aes256-ctr', u'aes128-gcm@openssh.com', u'aes256-gcm@openssh.com'] client mac:[u'umac-64-etm@openssh.com', u'umac-128-etm@openssh.com', u'hmac-sha2-256-etm@openssh.com', u'hmac-sha2-512-etm@openssh.com', u'hmac-sha1-etm@openssh.com', u'umac-64@openssh.com', u'umac-128@openssh.com', u'hmac-sha2-256', u'hmac-sha2-512', u'hmac-sha1'] server mac:[u'umac-64-etm@openssh.com', u'umac-128-etm@openssh.com', u'hmac-sha2-256-etm@openssh.com', u'hmac-sha2-512-etm@openssh.com', u'hmac-sha1-etm@openssh.com', u'umac-64@openssh.com', u'umac-128@openssh.com', u'hmac-sha2-256', u'hmac-sha2-512', u'hmac-sha1'] client compress:[u'none', u'zlib@openssh.com'] server compress:[u'none', u'zlib@openssh.com'] client lang:[u''] server lang:[u''] kex follows?False
DEB [20190709-11:00:33.101] thr=1   paramiko.transport: Kex agreed: curve25519-sha256@libssh.org
DEB [20190709-11:00:33.101] thr=1   paramiko.transport: HostKey agreed: ssh-ed25519
DEB [20190709-11:00:33.101] thr=1   paramiko.transport: Cipher agreed: aes128-ctr
DEB [20190709-11:00:33.102] thr=1   paramiko.transport: MAC agreed: hmac-sha2-256
DEB [20190709-11:00:33.102] thr=1   paramiko.transport: Compression agreed: none
DEB [20190709-11:00:33.171] thr=1   paramiko.transport: kex engine KexCurve25519 specified hash_algo <built-in function openssl_sha256>
DEB [20190709-11:00:33.171] thr=1   paramiko.transport: Switch to new keys ...
DEB [20190709-11:00:33.174] thr=2   paramiko.transport: Attempting password auth...
DEB [20190709-11:00:33.232] thr=1   paramiko.transport: userauth is OK
INF [20190709-11:00:33.378] thr=1   paramiko.transport: Authentication (password) successful!
DEB [20190709-11:00:33.382] thr=2   paramiko.transport: [chan 0] Max packet in: 32768 bytes
DEB [20190709-11:00:33.961] thr=1   paramiko.transport: Received global request "hostkeys-00@openssh.com"
DEB [20190709-11:00:33.961] thr=1   paramiko.transport: Rejecting "hostkeys-00@openssh.com" global request from server.
DEB [20190709-11:00:34.007] thr=1   paramiko.transport: [chan 0] Max packet out: 32768 bytes
DEB [20190709-11:00:34.007] thr=1   paramiko.transport: Secsh channel 0 opened.
DEB [20190709-11:00:34.020] thr=1   paramiko.transport: [chan 0] Sesch channel 0 request ok
INF [20190709-11:00:34.032] thr=2   paramiko.transport.sftp: [chan 0] Opened sftp connection (server version 3)
DEB [20190709-11:00:34.032] thr=2   paramiko.transport.sftp: [chan 0] listdir('/home/niryo/catkin_ws/devel')
DEB [20190709-11:00:34.056] thr=2   paramiko.transport.sftp: [chan 0] open('/home/niryo/catkin_ws/develniryo_one_example_python_api.py', 'wb')
DEB [20190709-11:00:34.062] thr=2   paramiko.transport.sftp: [chan 0] open('/home/niryo/catkin_ws/develniryo_one_example_python_api.py', 'wb') -> 00000000
DEB [20190709-11:00:34.062] thr=2   paramiko.transport.sftp: [chan 0] close(00000000)
DEB [20190709-11:00:34.069] thr=2   paramiko.transport.sftp: [chan 0] stat('/home/niryo/catkin_ws/develniryo_one_example_python_api.py')
DEB [20190709-11:00:34.174] thr=1   paramiko.transport: EOF in transport thread
DEB [20190709-11:30:03.746] thr=1   paramiko.transport: starting thread (client mode): 0x30746a0L
DEB [20190709-11:30:03.747] thr=1   paramiko.transport: Local version/idstring: SSH-2.0-paramiko_2.6.0
DEB [20190709-11:30:03.838] thr=1   paramiko.transport: Remote version/idstring: SSH-2.0-OpenSSH_7.2p2 Ubuntu-4ubuntu2.8
INF [20190709-11:30:03.838] thr=1   paramiko.transport: Connected (version 2.0, client OpenSSH_7.2p2)
DEB [20190709-11:30:03.845] thr=1   paramiko.transport: kex algos:[u'curve25519-sha256@libssh.org', u'ecdh-sha2-nistp256', u'ecdh-sha2-nistp384', u'ecdh-sha2-nistp521', u'diffie-hellman-group-exchange-sha256', u'diffie-hellman-group14-sha1'] server key:[u'ssh-rsa', u'rsa-sha2-512', u'rsa-sha2-256', u'ecdsa-sha2-nistp256', u'ssh-ed25519'] client encrypt:[u'chacha20-poly1305@openssh.com', u'aes128-ctr', u'aes192-ctr', u'aes256-ctr', u'aes128-gcm@openssh.com', u'aes256-gcm@openssh.com'] server encrypt:[u'chacha20-poly1305@openssh.com', u'aes128-ctr', u'aes192-ctr', u'aes256-ctr', u'aes128-gcm@openssh.com', u'aes256-gcm@openssh.com'] client mac:[u'umac-64-etm@openssh.com', u'umac-128-etm@openssh.com', u'hmac-sha2-256-etm@openssh.com', u'hmac-sha2-512-etm@openssh.com', u'hmac-sha1-etm@openssh.com', u'umac-64@openssh.com', u'umac-128@openssh.com', u'hmac-sha2-256', u'hmac-sha2-512', u'hmac-sha1'] server mac:[u'umac-64-etm@openssh.com', u'umac-128-etm@openssh.com', u'hmac-sha2-256-etm@openssh.com', u'hmac-sha2-512-etm@openssh.com', u'hmac-sha1-etm@openssh.com', u'umac-64@openssh.com', u'umac-128@openssh.com', u'hmac-sha2-256', u'hmac-sha2-512', u'hmac-sha1'] client compress:[u'none', u'zlib@openssh.com'] server compress:[u'none', u'zlib@openssh.com'] client lang:[u''] server lang:[u''] kex follows?False
DEB [20190709-11:30:03.845] thr=1   paramiko.transport: Kex agreed: curve25519-sha256@libssh.org
DEB [20190709-11:30:03.845] thr=1   paramiko.transport: HostKey agreed: ssh-ed25519
DEB [20190709-11:30:03.845] thr=1   paramiko.transport: Cipher agreed: aes128-ctr
DEB [20190709-11:30:03.846] thr=1   paramiko.transport: MAC agreed: hmac-sha2-256
DEB [20190709-11:30:03.846] thr=1   paramiko.transport: Compression agreed: none
DEB [20190709-11:30:03.917] thr=1   paramiko.transport: kex engine KexCurve25519 specified hash_algo <built-in function openssl_sha256>
DEB [20190709-11:30:03.918] thr=1   paramiko.transport: Switch to new keys ...
DEB [20190709-11:30:03.947] thr=2   paramiko.transport: Attempting password auth...
DEB [20190709-11:30:03.951] thr=1   paramiko.transport: userauth is OK
INF [20190709-11:30:04.076] thr=1   paramiko.transport: Authentication (password) successful!
DEB [20190709-11:30:04.082] thr=2   paramiko.transport: [chan 0] Max packet in: 32768 bytes
DEB [20190709-11:30:04.506] thr=1   paramiko.transport: Received global request "hostkeys-00@openssh.com"
DEB [20190709-11:30:04.507] thr=1   paramiko.transport: Rejecting "hostkeys-00@openssh.com" global request from server.
DEB [20190709-11:30:04.553] thr=1   paramiko.transport: [chan 0] Max packet out: 32768 bytes
DEB [20190709-11:30:04.553] thr=1   paramiko.transport: Secsh channel 0 opened.
DEB [20190709-11:30:04.588] thr=1   paramiko.transport: [chan 0] Sesch channel 0 request ok
INF [20190709-11:30:04.601] thr=2   paramiko.transport.sftp: [chan 0] Opened sftp connection (server version 3)
DEB [20190709-11:30:04.602] thr=2   paramiko.transport.sftp: [chan 0] listdir('/home/niryo/catkin_ws/devel')
DEB [20190709-11:30:04.621] thr=2   paramiko.transport.sftp: [chan 0] open('/home/niryo/catkin_ws/develniryo_one_example_python_api.py', 'wb')
DEB [20190709-11:30:04.638] thr=2   paramiko.transport.sftp: [chan 0] open('/home/niryo/catkin_ws/develniryo_one_example_python_api.py', 'wb') -> 00000000
DEB [20190709-11:30:04.640] thr=2   paramiko.transport.sftp: [chan 0] close(00000000)
DEB [20190709-11:30:04.664] thr=2   paramiko.transport.sftp: [chan 0] stat('/home/niryo/catkin_ws/develniryo_one_example_python_api.py')
DEB [20190709-11:30:04.769] thr=1   paramiko.transport: EOF in transport thread
DEB [20190709-13:27:28.276] thr=1   paramiko.transport: starting thread (client mode): 0x32c4fd0L
DEB [20190709-13:27:28.278] thr=1   paramiko.transport: Local version/idstring: SSH-2.0-paramiko_2.6.0
DEB [20190709-13:27:28.345] thr=1   paramiko.transport: Remote version/idstring: SSH-2.0-OpenSSH_7.2p2 Ubuntu-4ubuntu2.8
INF [20190709-13:27:28.345] thr=1   paramiko.transport: Connected (version 2.0, client OpenSSH_7.2p2)
DEB [20190709-13:27:28.352] thr=1   paramiko.transport: kex algos:[u'curve25519-sha256@libssh.org', u'ecdh-sha2-nistp256', u'ecdh-sha2-nistp384', u'ecdh-sha2-nistp521', u'diffie-hellman-group-exchange-sha256', u'diffie-hellman-group14-sha1'] server key:[u'ssh-rsa', u'rsa-sha2-512', u'rsa-sha2-256', u'ecdsa-sha2-nistp256', u'ssh-ed25519'] client encrypt:[u'chacha20-poly1305@openssh.com', u'aes128-ctr', u'aes192-ctr', u'aes256-ctr', u'aes128-gcm@openssh.com', u'aes256-gcm@openssh.com'] server encrypt:[u'chacha20-poly1305@openssh.com', u'aes128-ctr', u'aes192-ctr', u'aes256-ctr', u'aes128-gcm@openssh.com', u'aes256-gcm@openssh.com'] client mac:[u'umac-64-etm@openssh.com', u'umac-128-etm@openssh.com', u'hmac-sha2-256-etm@openssh.com', u'hmac-sha2-512-etm@openssh.com', u'hmac-sha1-etm@openssh.com', u'umac-64@openssh.com', u'umac-128@openssh.com', u'hmac-sha2-256', u'hmac-sha2-512', u'hmac-sha1'] server mac:[u'umac-64-etm@openssh.com', u'umac-128-etm@openssh.com', u'hmac-sha2-256-etm@openssh.com', u'hmac-sha2-512-etm@openssh.com', u'hmac-sha1-etm@openssh.com', u'umac-64@openssh.com', u'umac-128@openssh.com', u'hmac-sha2-256', u'hmac-sha2-512', u'hmac-sha1'] client compress:[u'none', u'zlib@openssh.com'] server compress:[u'none', u'zlib@openssh.com'] client lang:[u''] server lang:[u''] kex follows?False
DEB [20190709-13:27:28.354] thr=1   paramiko.transport: Kex agreed: curve25519-sha256@libssh.org
DEB [20190709-13:27:28.354] thr=1   paramiko.transport: HostKey agreed: ssh-ed25519
DEB [20190709-13:27:28.355] thr=1   paramiko.transport: Cipher agreed: aes128-ctr
DEB [20190709-13:27:28.355] thr=1   paramiko.transport: MAC agreed: hmac-sha2-256
DEB [20190709-13:27:28.355] thr=1   paramiko.transport: Compression agreed: none
DEB [20190709-13:27:28.434] thr=1   paramiko.transport: kex engine KexCurve25519 specified hash_algo <built-in function openssl_sha256>
DEB [20190709-13:27:28.434] thr=1   paramiko.transport: Switch to new keys ...
DEB [20190709-13:27:28.446] thr=2   paramiko.transport: Attempting password auth...
DEB [20190709-13:27:28.450] thr=1   paramiko.transport: userauth is OK
INF [20190709-13:27:28.571] thr=1   paramiko.transport: Authentication (password) successful!
DEB [20190709-13:27:28.581] thr=2   paramiko.transport: [chan 0] Max packet in: 32768 bytes
DEB [20190709-13:27:29.020] thr=1   paramiko.transport: Received global request "hostkeys-00@openssh.com"
DEB [20190709-13:27:29.020] thr=1   paramiko.transport: Rejecting "hostkeys-00@openssh.com" global request from server.
DEB [20190709-13:27:29.062] thr=1   paramiko.transport: [chan 0] Max packet out: 32768 bytes
DEB [20190709-13:27:29.062] thr=1   paramiko.transport: Secsh channel 0 opened.
DEB [20190709-13:27:29.089] thr=1   paramiko.transport: [chan 0] Sesch channel 0 request ok
INF [20190709-13:27:29.107] thr=2   paramiko.transport.sftp: [chan 0] Opened sftp connection (server version 3)
DEB [20190709-13:27:29.108] thr=2   paramiko.transport.sftp: [chan 0] open('/home/niryo/catkin_ws/develniryo_one_example_python_api.py', 'wb')
DEB [20190709-13:27:29.112] thr=2   paramiko.transport.sftp: [chan 0] open('/home/niryo/catkin_ws/develniryo_one_example_python_api.py', 'wb') -> 00000000
DEB [20190709-13:27:29.114] thr=2   paramiko.transport.sftp: [chan 0] close(00000000)
DEB [20190709-13:27:29.124] thr=2   paramiko.transport.sftp: [chan 0] stat('/home/niryo/catkin_ws/develniryo_one_example_python_api.py')
DEB [20190709-13:27:29.229] thr=1   paramiko.transport: EOF in transport thread
